<?xml version="1.0" encoding="UTF-8"?>
<!-- Generated by org.testng.reporters.JUnitReportReporter -->
<testsuite hostname="DESKTOP-GHVNQT5" failures="0" tests="1" name="TestRunner.CucumberTestRunner" time="0.078" errors="0" timestamp="2024-12-22T15:14:12 EST" skipped="0">
  <testcase classname="TestRunner.CucumberTestRunner" name="runScenario" time="0.078"/>
  <system-out/>
</testsuite> <!-- TestRunner.CucumberTestRunner -->
